<?xml version="1.0" encoding="UTF-8" ?>
<testsuite failures="0" time="103.084" errors="0" skipped="0" tests="6" name="io.appium.java_client.MobileDriverIOSTest">
  <properties>
[...]
</properties>
  <testcase time="20.028" classname="io.appium.java_client.MobileDriverIOSTest" name="runAppInBackgroundTest"/>
  <testcase time="13.012" classname="io.appium.java_client.MobileDriverIOSTest" name="pullFileTest"/>
  <testcase time="15.032" classname="io.appium.java_client.MobileDriverIOSTest" name="hideKeyboardTest"/>
  <testcase time="13.977" classname="io.appium.java_client.MobileDriverIOSTest" name="setValueTest"/>
  <testcase time="15.011" classname="io.appium.java_client.MobileDriverIOSTest" name="namedTextFieldTest"/>
  <testcase time="26.024" classname="io.appium.java_client.MobileDriverIOSTest" name="resetTest"/>
</testsuite>